# JRE version: OpenJDK Runtime Environment Temurin-21.0.8+9 (21.0.8+9) (build 21.0.8+9-LTS)
# Java VM: OpenJDK 64-Bit Server VM Temurin-21.0.8+9 (21.0.8+9-LTS, mixed mode, sharing, tiered, compressed oops, compressed class ptrs, parallel gc, windows-amd64)
GC Precious Log:
 CardTable entry size: 512
 CPUs: 6 total, 6 available
 Memory: 16158M
 Large Page Support: Disabled
 NUMA Support: Disabled
 Compressed Oops: Enabled (32-bit)
 Alignments: Space 512K, Generation 512K, Heap 2M
 Heap Min Capacity: 100M
 Heap Initial Capacity: 100M
 Heap Max Capacity: 2G
 Pre-touch: Disabled
 Parallel Workers: 6
Heap:
 PSYoungGen      total 20480K, used 18018K [0x00000000d5580000, 0x00000000d6f80000, 0x0000000100000000)
  eden space 19456K, 87% used [0x00000000d5580000,0x00000000d661b8a8,0x00000000d6880000)
  from space 1024K, 98% used [0x00000000d6980000,0x00000000d6a7d2d8,0x00000000d6a80000)
  to   space 3584K, 0% used [0x00000000d6c00000,0x00000000d6c00000,0x00000000d6f80000)
 ParOldGen       total 113152K, used 112725K [0x0000000080000000, 0x0000000086e80000, 0x00000000d5580000)
  object space 113152K, 99% used [0x0000000080000000,0x0000000086e154d0,0x0000000086e80000)
 Metaspace       used 77105K, committed 78592K, reserved 1179648K
  class space    used 8282K, committed 8896K, reserved 1048576K
GC Heap History (20 events):
Event: 106.182 GC heap before
{Heap before GC invocations=77 (full 3):
 PSYoungGen      total 22016K, used 20352K [0x00000000d5580000, 0x00000000d7200000, 0x0000000100000000)
  eden space 19456K, 100% used [0x00000000d5580000,0x00000000d6880000,0x00000000d6880000)
  from space 2560K, 35% used [0x00000000d6d00000,0x00000000d6de0000,0x00000000d6f80000)
  to   space 1536K, 0% used [0x00000000d7080000,0x00000000d7080000,0x00000000d7200000)
 ParOldGen       total 101376K, used 100990K [0x0000000080000000, 0x0000000086300000, 0x00000000d5580000)
  object space 101376K, 99% used [0x0000000080000000,0x000000008629fa80,0x0000000086300000)
 Metaspace       used 76682K, committed 78144K, reserved 1179648K
  class space    used 8274K, committed 8896K, reserved 1048576K
}
Event: 106.184 GC heap after
{Heap after GC invocations=77 (full 3):
 PSYoungGen      total 20992K, used 1424K [0x00000000d5580000, 0x00000000d7200000, 0x0000000100000000)
  eden space 19456K, 0% used [0x00000000d5580000,0x00000000d5580000,0x00000000d6880000)
  from space 1536K, 92% used [0x00000000d7080000,0x00000000d71e42e0,0x00000000d7200000)
  to   space 1536K, 0% used [0x00000000d6f00000,0x00000000d6f00000,0x00000000d7080000)
 ParOldGen       total 101888K, used 101710K [0x0000000080000000, 0x0000000086380000, 0x00000000d5580000)
  object space 101888K, 99% used [0x0000000080000000,0x0000000086353a80,0x0000000086380000)
 Metaspace       used 76682K, committed 78144K, reserved 1179648K
  class space    used 8274K, committed 8896K, reserved 1048576K
}
Event: 106.577 GC heap before
{Heap before GC invocations=78 (full 3):
 PSYoungGen      total 20992K, used 20880K [0x00000000d5580000, 0x00000000d7200000, 0x0000000100000000)
  eden space 19456K, 100% used [0x00000000d5580000,0x00000000d6880000,0x00000000d6880000)
  from space 1536K, 92% used [0x00000000d7080000,0x00000000d71e42e0,0x00000000d7200000)
  to   space 1536K, 0% used [0x00000000d6f00000,0x00000000d6f00000,0x00000000d7080000)
 ParOldGen       total 101888K, used 101710K [0x0000000080000000, 0x0000000086380000, 0x00000000d5580000)
  object space 101888K, 99% used [0x0000000080000000,0x0000000086353a80,0x0000000086380000)
 Metaspace       used 76726K, committed 78144K, reserved 1179648K
  class space    used 8275K, committed 8896K, reserved 1048576K
}
Event: 106.579 GC heap after
{Heap after GC invocations=78 (full 3):
 PSYoungGen      total 20992K, used 1520K [0x00000000d5580000, 0x00000000d7100000, 0x0000000100000000)
  eden space 19456K, 0% used [0x00000000d5580000,0x00000000d5580000,0x00000000d6880000)
  from space 1536K, 99% used [0x00000000d6f00000,0x00000000d707c2e0,0x00000000d7080000)
  to   space 512K, 0% used [0x00000000d7080000,0x00000000d7080000,0x00000000d7100000)
 ParOldGen       total 103424K, used 103390K [0x0000000080000000, 0x0000000086500000, 0x00000000d5580000)
  object space 103424K, 99% used [0x0000000080000000,0x00000000864f7a80,0x0000000086500000)
 Metaspace       used 76726K, committed 78144K, reserved 1179648K
  class space    used 8275K, committed 8896K, reserved 1048576K
}
Event: 109.173 GC heap before
{Heap before GC invocations=79 (full 3):
 PSYoungGen      total 20992K, used 20976K [0x00000000d5580000, 0x00000000d7100000, 0x0000000100000000)
  eden space 19456K, 100% used [0x00000000d5580000,0x00000000d6880000,0x00000000d6880000)
  from space 1536K, 99% used [0x00000000d6f00000,0x00000000d707c2e0,0x00000000d7080000)
  to   space 512K, 0% used [0x00000000d7080000,0x00000000d7080000,0x00000000d7100000)
 ParOldGen       total 103424K, used 103390K [0x0000000080000000, 0x0000000086500000, 0x00000000d5580000)
  object space 103424K, 99% used [0x0000000080000000,0x00000000864f7a80,0x0000000086500000)
 Metaspace       used 76835K, committed 78336K, reserved 1179648K
  class space    used 8282K, committed 8896K, reserved 1048576K
}
Event: 109.176 GC heap after
{Heap after GC invocations=79 (full 3):
 PSYoungGen      total 19968K, used 500K [0x00000000d5580000, 0x00000000d7580000, 0x0000000100000000)
  eden space 19456K, 0% used [0x00000000d5580000,0x00000000d5580000,0x00000000d6880000)
  from space 512K, 97% used [0x00000000d7080000,0x00000000d70fd2d8,0x00000000d7100000)
  to   space 6656K, 0% used [0x00000000d6880000,0x00000000d6880000,0x00000000d6f00000)
 ParOldGen       total 109056K, used 108560K [0x0000000080000000, 0x0000000086a80000, 0x00000000d5580000)
  object space 109056K, 99% used [0x0000000080000000,0x0000000086a041e8,0x0000000086a80000)
 Metaspace       used 76835K, committed 78336K, reserved 1179648K
  class space    used 8282K, committed 8896K, reserved 1048576K
}
Event: 111.361 GC heap before
{Heap before GC invocations=80 (full 3):
 PSYoungGen      total 19968K, used 19956K [0x00000000d5580000, 0x00000000d7580000, 0x0000000100000000)
  eden space 19456K, 100% used [0x00000000d5580000,0x00000000d6880000,0x00000000d6880000)
  from space 512K, 97% used [0x00000000d7080000,0x00000000d70fd2d8,0x00000000d7100000)
  to   space 6656K, 0% used [0x00000000d6880000,0x00000000d6880000,0x00000000d6f00000)
 ParOldGen       total 109056K, used 108560K [0x0000000080000000, 0x0000000086a80000, 0x00000000d5580000)
  object space 109056K, 99% used [0x0000000080000000,0x0000000086a041e8,0x0000000086a80000)
 Metaspace       used 76878K, committed 78336K, reserved 1179648K
  class space    used 8282K, committed 8896K, reserved 1048576K
}
Event: 111.362 GC heap after
{Heap after GC invocations=80 (full 3):
 PSYoungGen      total 19968K, used 192K [0x00000000d5580000, 0x00000000d7100000, 0x0000000100000000)
  eden space 19456K, 0% used [0x00000000d5580000,0x00000000d5580000,0x00000000d6880000)
  from space 512K, 37% used [0x00000000d6880000,0x00000000d68b0000,0x00000000d6900000)
  to   space 2560K, 0% used [0x00000000d6e80000,0x00000000d6e80000,0x00000000d7100000)
 ParOldGen       total 109056K, used 108768K [0x0000000080000000, 0x0000000086a80000, 0x00000000d5580000)
  object space 109056K, 99% used [0x0000000080000000,0x0000000086a381e8,0x0000000086a80000)
 Metaspace       used 76878K, committed 78336K, reserved 1179648K
  class space    used 8282K, committed 8896K, reserved 1048576K
}
Event: 114.172 GC heap before
{Heap before GC invocations=81 (full 3):
 PSYoungGen      total 19968K, used 19648K [0x00000000d5580000, 0x00000000d7100000, 0x0000000100000000)
  eden space 19456K, 100% used [0x00000000d5580000,0x00000000d6880000,0x00000000d6880000)
  from space 512K, 37% used [0x00000000d6880000,0x00000000d68b0000,0x00000000d6900000)
  to   space 2560K, 0% used [0x00000000d6e80000,0x00000000d6e80000,0x00000000d7100000)
 ParOldGen       total 109056K, used 108768K [0x0000000080000000, 0x0000000086a80000, 0x00000000d5580000)
  object space 109056K, 99% used [0x0000000080000000,0x0000000086a381e8,0x0000000086a80000)
 Metaspace       used 76935K, committed 78400K, reserved 1179648K
  class space    used 8282K, committed 8896K, reserved 1048576K
}
Event: 114.174 GC heap after
{Heap after GC invocations=81 (full 3):
 PSYoungGen      total 22016K, used 2544K [0x00000000d5580000, 0x00000000d7180000, 0x0000000100000000)
  eden space 19456K, 0% used [0x00000000d5580000,0x00000000d5580000,0x00000000d6880000)
  from space 2560K, 99% used [0x00000000d6e80000,0x00000000d70fc2e0,0x00000000d7100000)
  to   space 4608K, 0% used [0x00000000d6880000,0x00000000d6880000,0x00000000d6d00000)
 ParOldGen       total 110080K, used 109736K [0x0000000080000000, 0x0000000086b80000, 0x00000000d5580000)
  object space 110080K, 99% used [0x0000000080000000,0x0000000086b2a1f8,0x0000000086b80000)
 Metaspace       used 76935K, committed 78400K, reserved 1179648K
  class space    used 8282K, committed 8896K, reserved 1048576K
}
Event: 114.537 GC heap before
{Heap before GC invocations=82 (full 3):
 PSYoungGen      total 22016K, used 22000K [0x00000000d5580000, 0x00000000d7180000, 0x0000000100000000)
  eden space 19456K, 100% used [0x00000000d5580000,0x00000000d6880000,0x00000000d6880000)
  from space 2560K, 99% used [0x00000000d6e80000,0x00000000d70fc2e0,0x00000000d7100000)
  to   space 4608K, 0% used [0x00000000d6880000,0x00000000d6880000,0x00000000d6d00000)
 ParOldGen       total 110080K, used 109736K [0x0000000080000000, 0x0000000086b80000, 0x00000000d5580000)
  object space 110080K, 99% used [0x0000000080000000,0x0000000086b2a1f8,0x0000000086b80000)
 Metaspace       used 76940K, committed 78400K, reserved 1179648K
  class space    used 8282K, committed 8896K, reserved 1048576K
}
Event: 114.538 GC heap after
{Heap after GC invocations=82 (full 3):
 PSYoungGen      total 21504K, used 1584K [0x00000000d5580000, 0x00000000d6f00000, 0x0000000100000000)
  eden space 19456K, 0% used [0x00000000d5580000,0x00000000d5580000,0x00000000d6880000)
  from space 2048K, 77% used [0x00000000d6880000,0x00000000d6a0c2e0,0x00000000d6a80000)
  to   space 2560K, 0% used [0x00000000d6c80000,0x00000000d6c80000,0x00000000d6f00000)
 ParOldGen       total 110080K, used 109776K [0x0000000080000000, 0x0000000086b80000, 0x00000000d5580000)
  object space 110080K, 99% used [0x0000000080000000,0x0000000086b341f8,0x0000000086b80000)
 Metaspace       used 76940K, committed 78400K, reserved 1179648K
  class space    used 8282K, committed 8896K, reserved 1048576K
}
Event: 116.180 GC heap before
{Heap before GC invocations=83 (full 3):
 PSYoungGen      total 21504K, used 21040K [0x00000000d5580000, 0x00000000d6f00000, 0x0000000100000000)
  eden space 19456K, 100% used [0x00000000d5580000,0x00000000d6880000,0x00000000d6880000)
  from space 2048K, 77% used [0x00000000d6880000,0x00000000d6a0c2e0,0x00000000d6a80000)
  to   space 2560K, 0% used [0x00000000d6c80000,0x00000000d6c80000,0x00000000d6f00000)
 ParOldGen       total 110080K, used 109776K [0x0000000080000000, 0x0000000086b80000, 0x00000000d5580000)
  object space 110080K, 99% used [0x0000000080000000,0x0000000086b341f8,0x0000000086b80000)
 Metaspace       used 77001K, committed 78464K, reserved 1179648K
  class space    used 8282K, committed 8896K, reserved 1048576K
}
Event: 116.182 GC heap after
{Heap after GC invocations=83 (full 3):
 PSYoungGen      total 22016K, used 2544K [0x00000000d5580000, 0x00000000d7080000, 0x0000000100000000)
  eden space 19456K, 0% used [0x00000000d5580000,0x00000000d5580000,0x00000000d6880000)
  from space 2560K, 99% used [0x00000000d6c80000,0x00000000d6efc2e0,0x00000000d6f00000)
  to   space 4096K, 0% used [0x00000000d6880000,0x00000000d6880000,0x00000000d6c80000)
 ParOldGen       total 111104K, used 110856K [0x0000000080000000, 0x0000000086c80000, 0x00000000d5580000)
  object space 111104K, 99% used [0x0000000080000000,0x0000000086c421f8,0x0000000086c80000)
 Metaspace       used 77001K, committed 78464K, reserved 1179648K
  class space    used 8282K, committed 8896K, reserved 1048576K
}
Event: 117.811 GC heap before
{Heap before GC invocations=84 (full 3):
 PSYoungGen      total 22016K, used 22000K [0x00000000d5580000, 0x00000000d7080000, 0x0000000100000000)
  eden space 19456K, 100% used [0x00000000d5580000,0x00000000d6880000,0x00000000d6880000)
  from space 2560K, 99% used [0x00000000d6c80000,0x00000000d6efc2e0,0x00000000d6f00000)
  to   space 4096K, 0% used [0x00000000d6880000,0x00000000d6880000,0x00000000d6c80000)
 ParOldGen       total 111104K, used 110856K [0x0000000080000000, 0x0000000086c80000, 0x00000000d5580000)
  object space 111104K, 99% used [0x0000000080000000,0x0000000086c421f8,0x0000000086c80000)
 Metaspace       used 77013K, committed 78464K, reserved 1179648K
  class space    used 8282K, committed 8896K, reserved 1048576K
}
Event: 117.813 GC heap after
{Heap after GC invocations=84 (full 3):
 PSYoungGen      total 21504K, used 1584K [0x00000000d5580000, 0x00000000d6d80000, 0x0000000100000000)
  eden space 19456K, 0% used [0x00000000d5580000,0x00000000d5580000,0x00000000d6880000)
  from space 2048K, 77% used [0x00000000d6880000,0x00000000d6a0c2e0,0x00000000d6a80000)
  to   space 2560K, 0% used [0x00000000d6b00000,0x00000000d6b00000,0x00000000d6d80000)
 ParOldGen       total 111104K, used 110896K [0x0000000080000000, 0x0000000086c80000, 0x00000000d5580000)
  object space 111104K, 99% used [0x0000000080000000,0x0000000086c4c1f8,0x0000000086c80000)
 Metaspace       used 77013K, committed 78464K, reserved 1179648K
  class space    used 8282K, committed 8896K, reserved 1048576K
}
Event: 118.506 GC heap before
{Heap before GC invocations=85 (full 3):
 PSYoungGen      total 21504K, used 21040K [0x00000000d5580000, 0x00000000d6d80000, 0x0000000100000000)
  eden space 19456K, 100% used [0x00000000d5580000,0x00000000d6880000,0x00000000d6880000)
  from space 2048K, 77% used [0x00000000d6880000,0x00000000d6a0c2e0,0x00000000d6a80000)
  to   space 2560K, 0% used [0x00000000d6b00000,0x00000000d6b00000,0x00000000d6d80000)
 ParOldGen       total 111104K, used 110896K [0x0000000080000000, 0x0000000086c80000, 0x00000000d5580000)
  object space 111104K, 99% used [0x0000000080000000,0x0000000086c4c1f8,0x0000000086c80000)
 Metaspace       used 77018K, committed 78464K, reserved 1179648K
  class space    used 8282K, committed 8896K, reserved 1048576K
}
Event: 118.509 GC heap after
{Heap after GC invocations=85 (full 3):
 PSYoungGen      total 19968K, used 224K [0x00000000d5580000, 0x00000000d6b80000, 0x0000000100000000)
  eden space 19456K, 0% used [0x00000000d5580000,0x00000000d5580000,0x00000000d6880000)
  from space 512K, 43% used [0x00000000d6b00000,0x00000000d6b38000,0x00000000d6b80000)
  to   space 1024K, 0% used [0x00000000d6980000,0x00000000d6980000,0x00000000d6a80000)
 ParOldGen       total 111104K, used 110928K [0x0000000080000000, 0x0000000086c80000, 0x00000000d5580000)
  object space 111104K, 99% used [0x0000000080000000,0x0000000086c541f8,0x0000000086c80000)
 Metaspace       used 77018K, committed 78464K, reserved 1179648K
  class space    used 8282K, committed 8896K, reserved 1048576K
}
Event: 122.196 GC heap before
{Heap before GC invocations=86 (full 3):
 PSYoungGen      total 19968K, used 19680K [0x00000000d5580000, 0x00000000d6b80000, 0x0000000100000000)
  eden space 19456K, 100% used [0x00000000d5580000,0x00000000d6880000,0x00000000d6880000)
  from space 512K, 43% used [0x00000000d6b00000,0x00000000d6b38000,0x00000000d6b80000)
  to   space 1024K, 0% used [0x00000000d6980000,0x00000000d6980000,0x00000000d6a80000)
 ParOldGen       total 111104K, used 110928K [0x0000000080000000, 0x0000000086c80000, 0x00000000d5580000)
  object space 111104K, 99% used [0x0000000080000000,0x0000000086c541f8,0x0000000086c80000)
 Metaspace       used 77076K, committed 78528K, reserved 1179648K
  class space    used 8282K, committed 8896K, reserved 1048576K
}
Event: 122.198 GC heap after
{Heap after GC invocations=86 (full 3):
 PSYoungGen      total 20480K, used 1012K [0x00000000d5580000, 0x00000000d6f80000, 0x0000000100000000)
  eden space 19456K, 0% used [0x00000000d5580000,0x00000000d5580000,0x00000000d6880000)
  from space 1024K, 98% used [0x00000000d6980000,0x00000000d6a7d2d8,0x00000000d6a80000)
  to   space 3584K, 0% used [0x00000000d6c00000,0x00000000d6c00000,0x00000000d6f80000)
 ParOldGen       total 113152K, used 112725K [0x0000000080000000, 0x0000000086e80000, 0x00000000d5580000)
  object space 113152K, 99% used [0x0000000080000000,0x0000000086e154d0,0x0000000086e80000)
 Metaspace       used 77076K, committed 78528K, reserved 1179648K
  class space    used 8282K, committed 8896K, reserved 1048576K
}

