# JRE version: OpenJDK Runtime Environment Temurin-21.0.8+9 (21.0.8+9) (build 21.0.8+9-LTS)
# Java VM: OpenJDK 64-Bit Server VM Temurin-21.0.8+9 (21.0.8+9-LTS, mixed mode, sharing, tiered, compressed oops, compressed class ptrs, parallel gc, windows-amd64)
GC Precious Log:
 CardTable entry size: 512
 CPUs: 6 total, 6 available
 Memory: 16158M
 Large Page Support: Disabled
 NUMA Support: Disabled
 Compressed Oops: Enabled (32-bit)
 Alignments: Space 512K, Generation 512K, Heap 2M
 Heap Min Capacity: 100M
 Heap Initial Capacity: 100M
 Heap Max Capacity: 2G
 Pre-touch: Disabled
 Parallel Workers: 6
Heap:
 PSYoungGen      total 3072K, used 1691K [0x00000000d5580000, 0x00000000d5c80000, 0x0000000100000000)
  eden space 2560K, 55% used [0x00000000d5580000,0x00000000d56e2c58,0x00000000d5800000)
  from space 512K, 53% used [0x00000000d5c00000,0x00000000d5c44010,0x00000000d5c80000)
  to   space 512K, 0% used [0x00000000d5b80000,0x00000000d5b80000,0x00000000d5c00000)
 ParOldGen       total 412672K, used 343985K [0x0000000080000000, 0x0000000099300000, 0x00000000d5580000)
  object space 412672K, 83% used [0x0000000080000000,0x0000000094fec5e8,0x0000000099300000)
 Metaspace       used 70410K, committed 71808K, reserved 1114112K
  class space    used 7480K, committed 8128K, reserved 1048576K
GC Heap History (20 events):
Event: 69.388 GC heap before
{Heap before GC invocations=588 (full 3):
 PSYoungGen      total 3072K, used 3048K [0x00000000d5580000, 0x00000000d5a00000, 0x0000000100000000)
  eden space 2560K, 99% used [0x00000000d5580000,0x00000000d57fff60,0x00000000d5800000)
  from space 512K, 95% used [0x00000000d5980000,0x00000000d59fa170,0x00000000d5a00000)
  to   space 1024K, 0% used [0x00000000d5800000,0x00000000d5800000,0x00000000d5900000)
 ParOldGen       total 412672K, used 329293K [0x0000000080000000, 0x0000000099300000, 0x00000000d5580000)
  object space 412672K, 79% used [0x0000000080000000,0x00000000941937b8,0x0000000099300000)
 Metaspace       used 70348K, committed 71744K, reserved 1114112K
  class space    used 7480K, committed 8128K, reserved 1048576K
}
Event: 69.390 GC heap after
{Heap after GC invocations=588 (full 3):
 PSYoungGen      total 3584K, used 1000K [0x00000000d5580000, 0x00000000d5f00000, 0x0000000100000000)
  eden space 2560K, 0% used [0x00000000d5580000,0x00000000d5580000,0x00000000d5800000)
  from space 1024K, 97% used [0x00000000d5800000,0x00000000d58fa170,0x00000000d5900000)
  to   space 3584K, 0% used [0x00000000d5b80000,0x00000000d5b80000,0x00000000d5f00000)
 ParOldGen       total 412672K, used 331075K [0x0000000080000000, 0x0000000099300000, 0x00000000d5580000)
  object space 412672K, 80% used [0x0000000080000000,0x0000000094350da8,0x0000000099300000)
 Metaspace       used 70348K, committed 71744K, reserved 1114112K
  class space    used 7480K, committed 8128K, reserved 1048576K
}
Event: 69.397 GC heap before
{Heap before GC invocations=589 (full 3):
 PSYoungGen      total 3584K, used 3560K [0x00000000d5580000, 0x00000000d5f00000, 0x0000000100000000)
  eden space 2560K, 100% used [0x00000000d5580000,0x00000000d5800000,0x00000000d5800000)
  from space 1024K, 97% used [0x00000000d5800000,0x00000000d58fa170,0x00000000d5900000)
  to   space 3584K, 0% used [0x00000000d5b80000,0x00000000d5b80000,0x00000000d5f00000)
 ParOldGen       total 412672K, used 331075K [0x0000000080000000, 0x0000000099300000, 0x00000000d5580000)
  object space 412672K, 80% used [0x0000000080000000,0x0000000094350da8,0x0000000099300000)
 Metaspace       used 70348K, committed 71744K, reserved 1114112K
  class space    used 7480K, committed 8128K, reserved 1048576K
}
Event: 69.399 GC heap after
{Heap after GC invocations=589 (full 3):
 PSYoungGen      total 4608K, used 1632K [0x00000000d5580000, 0x00000000d5d80000, 0x0000000100000000)
  eden space 2560K, 0% used [0x00000000d5580000,0x00000000d5580000,0x00000000d5800000)
  from space 2048K, 79% used [0x00000000d5b80000,0x00000000d5d18000,0x00000000d5d80000)
  to   space 2048K, 0% used [0x00000000d5980000,0x00000000d5980000,0x00000000d5b80000)
 ParOldGen       total 412672K, used 332115K [0x0000000080000000, 0x0000000099300000, 0x00000000d5580000)
  object space 412672K, 80% used [0x0000000080000000,0x0000000094454f18,0x0000000099300000)
 Metaspace       used 70348K, committed 71744K, reserved 1114112K
  class space    used 7480K, committed 8128K, reserved 1048576K
}
Event: 69.685 GC heap before
{Heap before GC invocations=590 (full 3):
 PSYoungGen      total 4608K, used 4192K [0x00000000d5580000, 0x00000000d5d80000, 0x0000000100000000)
  eden space 2560K, 100% used [0x00000000d5580000,0x00000000d5800000,0x00000000d5800000)
  from space 2048K, 79% used [0x00000000d5b80000,0x00000000d5d18000,0x00000000d5d80000)
  to   space 2048K, 0% used [0x00000000d5980000,0x00000000d5980000,0x00000000d5b80000)
 ParOldGen       total 412672K, used 332115K [0x0000000080000000, 0x0000000099300000, 0x00000000d5580000)
  object space 412672K, 80% used [0x0000000080000000,0x0000000094454f18,0x0000000099300000)
 Metaspace       used 70375K, committed 71808K, reserved 1114112K
  class space    used 7480K, committed 8128K, reserved 1048576K
}
Event: 69.687 GC heap after
{Heap after GC invocations=590 (full 3):
 PSYoungGen      total 3072K, used 416K [0x00000000d5580000, 0x00000000d5c00000, 0x0000000100000000)
  eden space 2560K, 0% used [0x00000000d5580000,0x00000000d5580000,0x00000000d5800000)
  from space 512K, 81% used [0x00000000d5980000,0x00000000d59e8000,0x00000000d5a00000)
  to   space 1024K, 0% used [0x00000000d5b00000,0x00000000d5b00000,0x00000000d5c00000)
 ParOldGen       total 412672K, used 333635K [0x0000000080000000, 0x0000000099300000, 0x00000000d5580000)
  object space 412672K, 80% used [0x0000000080000000,0x00000000945d0c18,0x0000000099300000)
 Metaspace       used 70375K, committed 71808K, reserved 1114112K
  class space    used 7480K, committed 8128K, reserved 1048576K
}
Event: 69.690 GC heap before
{Heap before GC invocations=591 (full 3):
 PSYoungGen      total 3072K, used 2976K [0x00000000d5580000, 0x00000000d5c00000, 0x0000000100000000)
  eden space 2560K, 100% used [0x00000000d5580000,0x00000000d5800000,0x00000000d5800000)
  from space 512K, 81% used [0x00000000d5980000,0x00000000d59e8000,0x00000000d5a00000)
  to   space 1024K, 0% used [0x00000000d5b00000,0x00000000d5b00000,0x00000000d5c00000)
 ParOldGen       total 412672K, used 333635K [0x0000000080000000, 0x0000000099300000, 0x00000000d5580000)
  object space 412672K, 80% used [0x0000000080000000,0x00000000945d0c18,0x0000000099300000)
 Metaspace       used 70379K, committed 71808K, reserved 1114112K
  class space    used 7480K, committed 8128K, reserved 1048576K
}
Event: 69.692 GC heap after
{Heap after GC invocations=591 (full 3):
 PSYoungGen      total 3584K, used 1001K [0x00000000d5580000, 0x00000000d5e00000, 0x0000000100000000)
  eden space 2560K, 0% used [0x00000000d5580000,0x00000000d5580000,0x00000000d5800000)
  from space 1024K, 97% used [0x00000000d5b00000,0x00000000d5bfa5b0,0x00000000d5c00000)
  to   space 3072K, 0% used [0x00000000d5800000,0x00000000d5800000,0x00000000d5b00000)
 ParOldGen       total 412672K, used 335152K [0x0000000080000000, 0x0000000099300000, 0x00000000d5580000)
  object space 412672K, 81% used [0x0000000080000000,0x000000009474c038,0x0000000099300000)
 Metaspace       used 70379K, committed 71808K, reserved 1114112K
  class space    used 7480K, committed 8128K, reserved 1048576K
}
Event: 69.697 GC heap before
{Heap before GC invocations=592 (full 3):
 PSYoungGen      total 3584K, used 3561K [0x00000000d5580000, 0x00000000d5e00000, 0x0000000100000000)
  eden space 2560K, 100% used [0x00000000d5580000,0x00000000d5800000,0x00000000d5800000)
  from space 1024K, 97% used [0x00000000d5b00000,0x00000000d5bfa5b0,0x00000000d5c00000)
  to   space 3072K, 0% used [0x00000000d5800000,0x00000000d5800000,0x00000000d5b00000)
 ParOldGen       total 412672K, used 335152K [0x0000000080000000, 0x0000000099300000, 0x00000000d5580000)
  object space 412672K, 81% used [0x0000000080000000,0x000000009474c038,0x0000000099300000)
 Metaspace       used 70379K, committed 71808K, reserved 1114112K
  class space    used 7480K, committed 8128K, reserved 1048576K
}
Event: 69.699 GC heap after
{Heap after GC invocations=592 (full 3):
 PSYoungGen      total 5632K, used 2528K [0x00000000d5580000, 0x00000000d5e00000, 0x0000000100000000)
  eden space 2560K, 0% used [0x00000000d5580000,0x00000000d5580000,0x00000000d5800000)
  from space 3072K, 82% used [0x00000000d5800000,0x00000000d5a78000,0x00000000d5b00000)
  to   space 3072K, 0% used [0x00000000d5b00000,0x00000000d5b00000,0x00000000d5e00000)
 ParOldGen       total 412672K, used 336185K [0x0000000080000000, 0x0000000099300000, 0x00000000d5580000)
  object space 412672K, 81% used [0x0000000080000000,0x000000009484e5e8,0x0000000099300000)
 Metaspace       used 70379K, committed 71808K, reserved 1114112K
  class space    used 7480K, committed 8128K, reserved 1048576K
}
Event: 69.706 GC heap before
{Heap before GC invocations=593 (full 3):
 PSYoungGen      total 5632K, used 5088K [0x00000000d5580000, 0x00000000d5e00000, 0x0000000100000000)
  eden space 2560K, 100% used [0x00000000d5580000,0x00000000d5800000,0x00000000d5800000)
  from space 3072K, 82% used [0x00000000d5800000,0x00000000d5a78000,0x00000000d5b00000)
  to   space 3072K, 0% used [0x00000000d5b00000,0x00000000d5b00000,0x00000000d5e00000)
 ParOldGen       total 412672K, used 336185K [0x0000000080000000, 0x0000000099300000, 0x00000000d5580000)
  object space 412672K, 81% used [0x0000000080000000,0x000000009484e5e8,0x0000000099300000)
 Metaspace       used 70379K, committed 71808K, reserved 1114112K
  class space    used 7480K, committed 8128K, reserved 1048576K
}
Event: 69.708 GC heap after
{Heap after GC invocations=593 (full 3):
 PSYoungGen      total 4608K, used 1952K [0x00000000d5580000, 0x00000000d5d00000, 0x0000000100000000)
  eden space 2560K, 0% used [0x00000000d5580000,0x00000000d5580000,0x00000000d5800000)
  from space 2048K, 95% used [0x00000000d5b00000,0x00000000d5ce8000,0x00000000d5d00000)
  to   space 2560K, 0% used [0x00000000d5800000,0x00000000d5800000,0x00000000d5a80000)
 ParOldGen       total 412672K, used 338665K [0x0000000080000000, 0x0000000099300000, 0x00000000d5580000)
  object space 412672K, 82% used [0x0000000080000000,0x0000000094aba5e8,0x0000000099300000)
 Metaspace       used 70379K, committed 71808K, reserved 1114112K
  class space    used 7480K, committed 8128K, reserved 1048576K
}
Event: 69.721 GC heap before
{Heap before GC invocations=594 (full 3):
 PSYoungGen      total 4608K, used 4512K [0x00000000d5580000, 0x00000000d5d00000, 0x0000000100000000)
  eden space 2560K, 100% used [0x00000000d5580000,0x00000000d5800000,0x00000000d5800000)
  from space 2048K, 95% used [0x00000000d5b00000,0x00000000d5ce8000,0x00000000d5d00000)
  to   space 2560K, 0% used [0x00000000d5800000,0x00000000d5800000,0x00000000d5a80000)
 ParOldGen       total 412672K, used 338665K [0x0000000080000000, 0x0000000099300000, 0x00000000d5580000)
  object space 412672K, 82% used [0x0000000080000000,0x0000000094aba5e8,0x0000000099300000)
 Metaspace       used 70379K, committed 71808K, reserved 1114112K
  class space    used 7480K, committed 8128K, reserved 1048576K
}
Event: 69.723 GC heap after
{Heap after GC invocations=594 (full 3):
 PSYoungGen      total 5120K, used 2534K [0x00000000d5580000, 0x00000000d6200000, 0x0000000100000000)
  eden space 2560K, 0% used [0x00000000d5580000,0x00000000d5580000,0x00000000d5800000)
  from space 2560K, 99% used [0x00000000d5800000,0x00000000d5a79ae0,0x00000000d5a80000)
  to   space 5120K, 0% used [0x00000000d5d00000,0x00000000d5d00000,0x00000000d6200000)
 ParOldGen       total 412672K, used 340601K [0x0000000080000000, 0x0000000099300000, 0x00000000d5580000)
  object space 412672K, 82% used [0x0000000080000000,0x0000000094c9e5e8,0x0000000099300000)
 Metaspace       used 70379K, committed 71808K, reserved 1114112K
  class space    used 7480K, committed 8128K, reserved 1048576K
}
Event: 69.788 GC heap before
{Heap before GC invocations=595 (full 3):
 PSYoungGen      total 5120K, used 5094K [0x00000000d5580000, 0x00000000d6200000, 0x0000000100000000)
  eden space 2560K, 100% used [0x00000000d5580000,0x00000000d5800000,0x00000000d5800000)
  from space 2560K, 99% used [0x00000000d5800000,0x00000000d5a79ae0,0x00000000d5a80000)
  to   space 5120K, 0% used [0x00000000d5d00000,0x00000000d5d00000,0x00000000d6200000)
 ParOldGen       total 412672K, used 340601K [0x0000000080000000, 0x0000000099300000, 0x00000000d5580000)
  object space 412672K, 82% used [0x0000000080000000,0x0000000094c9e5e8,0x0000000099300000)
 Metaspace       used 70380K, committed 71808K, reserved 1114112K
  class space    used 7480K, committed 8128K, reserved 1048576K
}
Event: 69.795 GC heap after
{Heap after GC invocations=595 (full 3):
 PSYoungGen      total 4608K, used 1728K [0x00000000d5580000, 0x00000000d5f00000, 0x0000000100000000)
  eden space 2560K, 0% used [0x00000000d5580000,0x00000000d5580000,0x00000000d5800000)
  from space 2048K, 84% used [0x00000000d5d00000,0x00000000d5eb0010,0x00000000d5f00000)
  to   space 3072K, 0% used [0x00000000d5900000,0x00000000d5900000,0x00000000d5c00000)
 ParOldGen       total 412672K, used 342457K [0x0000000080000000, 0x0000000099300000, 0x00000000d5580000)
  object space 412672K, 82% used [0x0000000080000000,0x0000000094e6e5e8,0x0000000099300000)
 Metaspace       used 70380K, committed 71808K, reserved 1114112K
  class space    used 7480K, committed 8128K, reserved 1048576K
}
Event: 70.136 GC heap before
{Heap before GC invocations=596 (full 3):
 PSYoungGen      total 4608K, used 4288K [0x00000000d5580000, 0x00000000d5f00000, 0x0000000100000000)
  eden space 2560K, 100% used [0x00000000d5580000,0x00000000d5800000,0x00000000d5800000)
  from space 2048K, 84% used [0x00000000d5d00000,0x00000000d5eb0010,0x00000000d5f00000)
  to   space 3072K, 0% used [0x00000000d5900000,0x00000000d5900000,0x00000000d5c00000)
 ParOldGen       total 412672K, used 342457K [0x0000000080000000, 0x0000000099300000, 0x00000000d5580000)
  object space 412672K, 82% used [0x0000000080000000,0x0000000094e6e5e8,0x0000000099300000)
 Metaspace       used 70400K, committed 71808K, reserved 1114112K
  class space    used 7480K, committed 8128K, reserved 1048576K
}
Event: 70.139 GC heap after
{Heap after GC invocations=596 (full 3):
 PSYoungGen      total 5632K, used 400K [0x00000000d5580000, 0x00000000d5d80000, 0x0000000100000000)
  eden space 2560K, 0% used [0x00000000d5580000,0x00000000d5580000,0x00000000d5800000)
  from space 3072K, 13% used [0x00000000d5900000,0x00000000d5964010,0x00000000d5c00000)
  to   space 1536K, 0% used [0x00000000d5c00000,0x00000000d5c00000,0x00000000d5d80000)
 ParOldGen       total 412672K, used 343937K [0x0000000080000000, 0x0000000099300000, 0x00000000d5580000)
  object space 412672K, 83% used [0x0000000080000000,0x0000000094fe05e8,0x0000000099300000)
 Metaspace       used 70400K, committed 71808K, reserved 1114112K
  class space    used 7480K, committed 8128K, reserved 1048576K
}
Event: 70.334 GC heap before
{Heap before GC invocations=597 (full 3):
 PSYoungGen      total 5632K, used 2960K [0x00000000d5580000, 0x00000000d5d80000, 0x0000000100000000)
  eden space 2560K, 100% used [0x00000000d5580000,0x00000000d5800000,0x00000000d5800000)
  from space 3072K, 13% used [0x00000000d5900000,0x00000000d5964010,0x00000000d5c00000)
  to   space 1536K, 0% used [0x00000000d5c00000,0x00000000d5c00000,0x00000000d5d80000)
 ParOldGen       total 412672K, used 343937K [0x0000000080000000, 0x0000000099300000, 0x00000000d5580000)
  object space 412672K, 83% used [0x0000000080000000,0x0000000094fe05e8,0x0000000099300000)
 Metaspace       used 70401K, committed 71808K, reserved 1114112K
  class space    used 7480K, committed 8128K, reserved 1048576K
}
Event: 70.335 GC heap after
{Heap after GC invocations=597 (full 3):
 PSYoungGen      total 3072K, used 272K [0x00000000d5580000, 0x00000000d5c80000, 0x0000000100000000)
  eden space 2560K, 0% used [0x00000000d5580000,0x00000000d5580000,0x00000000d5800000)
  from space 512K, 53% used [0x00000000d5c00000,0x00000000d5c44010,0x00000000d5c80000)
  to   space 512K, 0% used [0x00000000d5b80000,0x00000000d5b80000,0x00000000d5c00000)
 ParOldGen       total 412672K, used 343985K [0x0000000080000000, 0x0000000099300000, 0x00000000d5580000)
  object space 412672K, 83% used [0x0000000080000000,0x0000000094fec5e8,0x0000000099300000)
 Metaspace       used 70401K, committed 71808K, reserved 1114112K
  class space    used 7480K, committed 8128K, reserved 1048576K
}

